### saDemo #########################
# Fri Sep 16 19:12:39 2016
# Basic study
!!! Schaffer

Schaffer
, 0000 +.+.+.?.?.+.?.+.+.?.!?.+.!?.+.?.+.+.?.?.+.+.?.?.+.?.
, 0025 ?.+.?..?.+.?.?.!?.!.+.+.?.+.+.+.+.+.?.+.?.?.+.?.?.
, 0050 +.+.+.?.+..?.?.?.+.+.?.?.+.?.?..?.?.?.!?.+.+.!?.+.
, 0075 +.+.+.+.+.+.?.+.?.+.+.+.?.+.+.?.+.?.?.?..+.?.?.?.
, 0100 +.?.+.+.+.+.?..?.+.+.+.+.+.?.?.+.+.?.?.+.?.?.+.+.
, 0125 ?.+.?.?.?.?.?.+..+.?.+.+.+.?.?..+.?.?.+.+.?.+.?.
, 0150 ?.?.+.?.?.?.?.+.?.+.?.?.+.?.+.+.?.+.?.+.?.?.?.+.+.
, 0175 ?.?..+.+.?.?.+.?.?.?.?.+.+.+.+..?.+.+.?.?.?.?.?.
, 0200 ?.?.+.?.+.?.+.?.?.?.?.?.?.?.?.?.+.?.+.!?.+.!?.+.!.+.
, 0225 .?.+.?..?.?.?.!?.!?.!?.!.?.+.+.+.+..?.+.?.+.+.+.?.
, 0250 .+..?.+.?..+..?.?.+.+.+.?.+.+.+.+.+.+.?.?.+.+.
, 0275 .?.?.+.+.+..?.+..?.+..?.+.?.+.+.+.+.+.?.+.?.+.
, 0300 ?..+..+.?.+.?.?.+.+.+...+.+.?.+..?.+.+.?.+.?.
, 0325 .+.?.?.+.?.+.+.+.?.?.+.?.+.+.?.?.+.?.+.+.+.+.?.?.
, 0350 .+..+.+..+..+.?.?.?.?.?.+.?.?.+.+.+.+.+.+.+.+.
, 0375 ..+.+.+.?.?..+.+.+.+.+.?.?..+.?.+.+....+.+.
, 0400 +.+.?.?.+.?.?.?.+.+.?.+.+.?.+.+.+..+.+.+.?.?.?..
, 0425 ?..+..+.+.+.+.?.+.?.+.+.+..+.+.?..+..+.+.+.+.
, 0450 +.+..+.?..?.+.+.?...+.+.?.?..+.+.?.+.+.?.+.+.
, 0475 .+..+.+..+..+.+.?.+.+..+.+.?.+.+.+..+.+.+.+.
, 0500 ...?.+..+.+..+.?..?.+.+..+..+.+.?.?.?..+.
, 0525 .+.?.?.+.+.+.+.+.?.?.+..+..?..+.?.?..+..+.?.
, 0550 .+.+.+..?.+...+.?.+.+.?.+..+.+..+.?..?.+.?.
, 0575 ...+.+..+.?.+.+.?....+..+.?..+.+..?..+.
, 0600 ..+.+.?.+.+.?.+.+.+..+...+.?.+.+..+.?.?..+.
, 0625 +.+.?.+.+.+.+.+.+..+..+..+..+.+.+...?..+.+.
, 0650 +....+.+.+.?.?.+.+.+..+...+.+.?.+.+.+.+..+.
, 0675 +..+.+.+..+..+.+.?.+.?.?.+..+.+.+..+.+.+.?..
, 0700 .+.+.?.....+.+.+.?..+.+.+.+.+.?..+.+.+..+.
, 0725 +.?....+.?.+..+.+.?.+.+.?...+.+.+...+..+.
, 0750 +.+.?..+.?.+.+.+.+.+.....?.+.+.+.+..+..?.+.
, 0775 +.+.+.?.?.+.?.+...?.+.+.+.+.+...+.+.+..+.+.+.
, 0800 +.+..+.+..+.+..+..+.+.+.?.+.?..+.+......
, 0825 +..?.+...?.+.....+.+.?..+.+........
, 0850 .....?.+.+...?.+..+.+.....+.?.+..?.+.
, 0875 +...+..........?.......+...+.?.
, 0900 +....+.........?.+...........
, 0925 +.............?.+...+.+..+..+...
, 0950 .?...+..+..+..+...............
, 0975 .........?.+.......+........

0.882090866947 92082 1

------------------------------------